Arguments: 
  C:\Program Files\nodejs\node.exe C:\Users\User\AppData\Roaming\npm\node_modules\yarn\bin\yarn.js

PATH: 
  C:\Program Files\ImageMagick-7.0.11-Q16-HDRI;C:\Program Files\Java\jdk-14.0.2\bin;C:\Program Files (x86)\Intel\Intel(R) Management Engine Components\iCLS\;C:\Program Files\Intel\Intel(R) Management Engine Components\iCLS\;C:\Windows\system32;C:\Windows\System32\Wbem;C:\Windows\System32\WindowsPowerShell\v1.0\;C:\Windows\System32\OpenSSH\;C:\Program Files (x86)\Intel\Intel(R) Management Engine Components\DAL;C:\Program Files\Intel\Intel(R) Management Engine Components\DAL;C:\Program Files (x86)\Intel\Intel(R) Management Engine Components\IPT;C:\Program Files\Intel\Intel(R) Management Engine Components\IPT;C:\Program Files (x86)\NVIDIA Corporation\PhysX\Common;C:\WINDOWS\system32;C:\WINDOWS;C:\WINDOWS\System32\Wbem;C:\WINDOWS\System32\WindowsPowerShell\v1.0\;C:\WINDOWS\System32\OpenSSH\;C:\ProgramData\ComposerSetup\bin;C:\xampp\php;C:\TDM-GCC-64\bin;C:\Program Files\PuTTY\;C:\Program Files\STMicroelectronics\STM32Cube\STM32CubeProgrammer\bin;C:\Users\User\AppData\Roaming\nvm;C:\Program Files\nodejs;C:\Program Files\MongoDB\Server\4.2\bin;C:\Program Files\Docker\Docker\resources\bin;C:\ProgramData\DockerDesktop\version-bin;C:\Program Files\Git\cmd;C:\Users\User\Downloads\ffmpeg-n4.4-80-gbf87bdd3f6-win64-gpl-4.4\bin;C:\cygwin64\bin;C:\Program Files\dotnet\;C:\Program Files\MySQL\MySQL Server 8.0\bin;C:\Program Files\Go\bin;C:\Users\User\AppData\Local\Microsoft\WindowsApps;C:\Users\User\AppData\Roaming\Composer\vendor\bin;C:\Users\User\AppData\Roaming\npm;C:\TDM-GCC-64\bin;C:\Users\User\AppData\Roaming\nvm;C:\Program Files\nodejs;C:\Users\User\AppData\Local\GitHubDesktop\bin;C:\Users\User\AppData\Local\Programs\Microsoft VS Code\bin;C:\Users\User\go\bin

Yarn version: 
  1.22.10

Node version: 
  16.13.0

Platform: 
  win32 x64

Trace: 
  SyntaxError: D:\junior hw\db sys\project\maydayLite\package.json: Unexpected token @ in JSON at position 0
      at JSON.parse (<anonymous>)
      at C:\Users\User\AppData\Roaming\npm\node_modules\yarn\lib\cli.js:1625:59
      at Generator.next (<anonymous>)
      at step (C:\Users\User\AppData\Roaming\npm\node_modules\yarn\lib\cli.js:310:30)
      at C:\Users\User\AppData\Roaming\npm\node_modules\yarn\lib\cli.js:321:13

npm manifest: 
  @@ -0,
  0 +1,
  39 @@
  {
      "name": "frontend",
      "version": "0.1.0",
      "private": true,
      "dependencies": {
          "@testing-library/jest-dom": "^5.11.4",
          "@testing-library/react": "^11.1.0",
          "@testing-library/user-event": "^12.1.10",
          "react": "^17.0.2",
          "react-dom": "^17.0.2",
          "react-router-dom": "^6.0.2",
          "react-scripts": "4.0.3",
          "web-vitals": "^1.0.1"
      },
      "scripts": {
          "start": "react-scripts start",
          "build": "react-scripts build",
          "test": "react-scripts test",
          "eject": "react-scripts eject"
      },
      "eslintConfig": {
          "extends": [
              "react-app",
              "react-app/jest"
          ]
      },
      "browserslist": {
          "production": [
              ">0.2%",
              "not dead",
              "not op_mini all"
          ],
          "development": [
              "last 1 chrome version",
              "last 1 firefox version",
              "last 1 safari version"
          ]
      }
  }

yarn manifest: 
  No manifest

Lockfile: 
  No lockfile
